<?xml version="1.0" encoding="UTF-8"?>
<testng-results ignored="0" total="1" passed="1" failed="0" skipped="0">
  <reporter-output>
  </reporter-output>
  <suite started-at="2023-06-19T09:23:53 IST" name="Default suite" finished-at="2023-06-19T09:24:09 IST" duration-ms="15508">
    <groups>
    </groups>
    <test started-at="2023-06-19T09:23:53 IST" name="Default test" finished-at="2023-06-19T09:24:09 IST" duration-ms="15508">
      <class name="com.practical.captureScreenShot">
        <test-method signature="takeOrangeHRMScreenShot()[pri:0, instance:com.practical.captureScreenShot@121314f7]" started-at="2023-06-19T09:23:53 IST" name="takeOrangeHRMScreenShot" finished-at="2023-06-19T09:24:09 IST" duration-ms="15430" status="PASS">
          <reporter-output>
          </reporter-output>
        </test-method> <!-- takeOrangeHRMScreenShot -->
      </class> <!-- com.practical.captureScreenShot -->
    </test> <!-- Default test -->
  </suite> <!-- Default suite -->
</testng-results>
